0 verbose cli /opt/homebrew/Cellar/node/25.1.0_1/bin/node /opt/homebrew/bin/npm
1 info using npm@11.6.2
2 info using node@v25.1.0
3 silly config load:file:/opt/homebrew/lib/node_modules/npm/npmrc
4 silly config load:file:/Users/ephraimvc/Documents/Skola/Chas Academy/Skol projekter/journal_app/.npmrc
5 silly config load:file:/Users/ephraimvc/.npmrc
6 silly config load:file:/opt/homebrew/etc/npmrc
7 verbose title npm install whatwg-fetch
8 verbose argv "install" "--save-dev" "whatwg-fetch" "--cache" ".npm-cache"
9 verbose logfile logs-max:10 dir:/Users/ephraimvc/Documents/Skola/Chas Academy/Skol projekter/journal_app/.npm-cache/_logs/2025-11-06T14_59_12_388Z-
10 verbose logfile /Users/ephraimvc/Documents/Skola/Chas Academy/Skol projekter/journal_app/.npm-cache/_logs/2025-11-06T14_59_12_388Z-debug-0.log
11 silly logfile done cleaning log files
12 silly packumentCache heap:4496293888 maxSize:1124073472 maxEntrySize:562036736
13 silly idealTree buildDeps
14 silly fetch manifest whatwg-fetch@*
15 silly packumentCache full:https://registry.npmjs.org/whatwg-fetch cache-miss
16 http fetch GET 200 https://registry.npmjs.org/npm 198ms
17 http fetch GET 200 https://registry.npmjs.org/whatwg-fetch 102ms (cache miss)
18 silly packumentCache full:https://registry.npmjs.org/whatwg-fetch set size:undefined disposed:false
19 silly placeDep ROOT whatwg-fetch@3.6.20 OK for: my-app@0.1.0 want: *
20 silly reify moves {}
21 silly audit bulk request {
21 silly audit   '@adobe/css-tools': [ '4.4.4' ],
21 silly audit   '@alloc/quick-lru': [ '5.2.0' ],
21 silly audit   '@asamuzakjp/css-color': [ '3.2.0' ],
21 silly audit   'lru-cache': [ '10.4.3', '5.1.1' ],
21 silly audit   '@babel/code-frame': [ '7.27.1' ],
21 silly audit   '@babel/compat-data': [ '7.28.4' ],
21 silly audit   '@babel/core': [ '7.28.4' ],
21 silly audit   '@babel/generator': [ '7.28.3' ],
21 silly audit   '@babel/helper-compilation-targets': [ '7.27.2' ],
21 silly audit   '@babel/helper-globals': [ '7.28.0' ],
21 silly audit   '@babel/helper-module-imports': [ '7.27.1' ],
21 silly audit   '@babel/helper-module-transforms': [ '7.28.3' ],
21 silly audit   '@babel/helper-plugin-utils': [ '7.27.1' ],
21 silly audit   '@babel/helper-string-parser': [ '7.27.1' ],
21 silly audit   '@babel/helper-validator-identifier': [ '7.27.1' ],
21 silly audit   '@babel/helper-validator-option': [ '7.27.1' ],
21 silly audit   '@babel/helpers': [ '7.28.4' ],
21 silly audit   '@babel/parser': [ '7.28.4' ],
21 silly audit   '@babel/plugin-syntax-async-generators': [ '7.8.4' ],
21 silly audit   '@babel/plugin-syntax-bigint': [ '7.8.3' ],
21 silly audit   '@babel/plugin-syntax-class-properties': [ '7.12.13' ],
21 silly audit   '@babel/plugin-syntax-class-static-block': [ '7.14.5' ],
21 silly audit   '@babel/plugin-syntax-import-attributes': [ '7.27.1' ],
21 silly audit   '@babel/plugin-syntax-import-meta': [ '7.10.4' ],
21 silly audit   '@babel/plugin-syntax-json-strings': [ '7.8.3' ],
21 silly audit   '@babel/plugin-syntax-jsx': [ '7.27.1' ],
21 silly audit   '@babel/plugin-syntax-logical-assignment-operators': [ '7.10.4' ],
21 silly audit   '@babel/plugin-syntax-nullish-coalescing-operator': [ '7.8.3' ],
21 silly audit   '@babel/plugin-syntax-numeric-separator': [ '7.10.4' ],
21 silly audit   '@babel/plugin-syntax-object-rest-spread': [ '7.8.3' ],
21 silly audit   '@babel/plugin-syntax-optional-catch-binding': [ '7.8.3' ],
21 silly audit   '@babel/plugin-syntax-optional-chaining': [ '7.8.3' ],
21 silly audit   '@babel/plugin-syntax-private-property-in-object': [ '7.14.5' ],
21 silly audit   '@babel/plugin-syntax-top-level-await': [ '7.14.5' ],
21 silly audit   '@babel/plugin-syntax-typescript': [ '7.27.1' ],
21 silly audit   '@babel/runtime': [ '7.28.4' ],
21 silly audit   '@babel/template': [ '7.27.2' ],
21 silly audit   '@babel/traverse': [ '7.28.4' ],
21 silly audit   '@babel/types': [ '7.28.4' ],
21 silly audit   '@bcoe/v8-coverage': [ '0.2.3' ],
21 silly audit   '@csstools/color-helpers': [ '5.1.0' ],
21 silly audit   '@csstools/css-calc': [ '2.1.4' ],
21 silly audit   '@csstools/css-color-parser': [ '3.1.0' ],
21 silly audit   '@csstools/css-parser-algorithms': [ '3.0.5' ],
21 silly audit   '@csstools/css-tokenizer': [ '3.0.4' ],
21 silly audit   '@emnapi/core': [ '1.6.0' ],
21 silly audit   '@emnapi/runtime': [ '1.6.0' ],
21 silly audit   '@emnapi/wasi-threads': [ '1.1.0' ],
21 silly audit   '@eslint-community/eslint-utils': [ '4.9.0' ],
21 silly audit   'eslint-visitor-keys': [ '3.4.3', '4.2.1' ],
21 silly audit   '@eslint-community/regexpp': [ '4.12.2' ],
21 silly audit   '@eslint/config-array': [ '0.21.1' ],
21 silly audit   '@eslint/config-helpers': [ '0.4.1' ],
21 silly audit   '@eslint/core': [ '0.16.0' ],
21 silly audit   '@eslint/eslintrc': [ '3.3.1' ],
21 silly audit   '@eslint/js': [ '9.38.0' ],
21 silly audit   '@eslint/object-schema': [ '2.1.7' ],
21 silly audit   '@eslint/plugin-kit': [ '0.4.0' ],
21 silly audit   '@humanfs/core': [ '0.19.1' ],
21 silly audit   '@humanfs/node': [ '0.16.7' ],
21 silly audit   '@humanwhocodes/module-importer': [ '1.0.1' ],
21 silly audit   '@humanwhocodes/retry': [ '0.4.3' ],
21 silly audit   '@img/colour': [ '1.0.0' ],
21 silly audit   '@img/sharp-darwin-arm64': [ '0.34.4' ],
21 silly audit   '@img/sharp-darwin-x64': [ '0.34.4' ],
21 silly audit   '@img/sharp-libvips-darwin-arm64': [ '1.2.3' ],
21 silly audit   '@img/sharp-libvips-darwin-x64': [ '1.2.3' ],
21 silly audit   '@img/sharp-libvips-linux-arm': [ '1.2.3' ],
21 silly audit   '@img/sharp-libvips-linux-arm64': [ '1.2.3' ],
21 silly audit   '@img/sharp-libvips-linux-ppc64': [ '1.2.3' ],
21 silly audit   '@img/sharp-libvips-linux-s390x': [ '1.2.3' ],
21 silly audit   '@img/sharp-libvips-linux-x64': [ '1.2.3' ],
21 silly audit   '@img/sharp-libvips-linuxmusl-arm64': [ '1.2.3' ],
21 silly audit   '@img/sharp-libvips-linuxmusl-x64': [ '1.2.3' ],
21 silly audit   '@img/sharp-linux-arm': [ '0.34.4' ],
21 silly audit   '@img/sharp-linux-arm64': [ '0.34.4' ],
21 silly audit   '@img/sharp-linux-ppc64': [ '0.34.4' ],
21 silly audit   '@img/sharp-linux-s390x': [ '0.34.4' ],
21 silly audit   '@img/sharp-linux-x64': [ '0.34.4' ],
21 silly audit   '@img/sharp-linuxmusl-arm64': [ '0.34.4' ],
21 silly audit   '@img/sharp-linuxmusl-x64': [ '0.34.4' ],
21 silly audit   '@img/sharp-wasm32': [ '0.34.4' ],
21 silly audit   '@img/sharp-win32-arm64': [ '0.34.4' ],
21 silly audit   '@img/sharp-win32-ia32': [ '0.34.4' ],
21 silly audit   '@img/sharp-win32-x64': [ '0.34.4' ],
21 silly audit   '@isaacs/cliui': [ '8.0.2' ],
21 silly audit   '@istanbuljs/load-nyc-config': [ '1.1.0' ],
21 silly audit   argparse: [ '1.0.10', '2.0.1' ],
21 silly audit   'find-up': [ '4.1.0', '5.0.0' ],
21 silly audit   'js-yaml': [ '3.14.1', '4.1.0' ],
21 silly audit   'locate-path': [ '5.0.0', '6.0.0' ],
21 silly audit   'p-limit': [ '2.3.0', '3.1.0' ],
21 silly audit   'p-locate': [ '4.1.0', '5.0.0' ],
21 silly audit   'resolve-from': [ '5.0.0', '4.0.0' ],
21 silly audit   '@istanbuljs/schema': [ '0.1.3' ],
21 silly audit   '@jest/console': [ '30.2.0' ],
21 silly audit   '@jest/core': [ '30.2.0' ],
21 silly audit   'jest-config': [ '30.2.0' ],
21 silly audit   '@jest/diff-sequences': [ '30.0.1' ],
21 silly audit   '@jest/environment': [ '30.2.0' ],
21 silly audit   '@jest/environment-jsdom-abstract': [ '30.2.0' ],
21 silly audit   '@jest/expect': [ '30.2.0' ],
21 silly audit   '@jest/expect-utils': [ '30.2.0' ],
21 silly audit   '@jest/fake-timers': [ '30.2.0' ],
21 silly audit   '@jest/get-type': [ '30.1.0' ],
21 silly audit   '@jest/globals': [ '30.2.0' ],
21 silly audit   '@jest/pattern': [ '30.0.1' ],
21 silly audit   '@jest/reporters': [ '30.2.0' ],
21 silly audit   '@jest/schemas': [ '30.0.5' ],
21 silly audit   '@jest/snapshot-utils': [ '30.2.0' ],
21 silly audit   '@jest/source-map': [ '30.0.1' ],
21 silly audit   '@jest/test-result': [ '30.2.0' ],
21 silly audit   '@jest/test-sequencer': [ '30.2.0' ],
21 silly audit   '@jest/transform': [ '30.2.0' ],
21 silly audit   '@jest/types': [ '30.2.0' ],
21 silly audit   '@jridgewell/gen-mapping': [ '0.3.13' ],
21 silly audit   '@jridgewell/remapping': [ '2.3.5' ],
21 silly audit   '@jridgewell/resolve-uri': [ '3.1.2' ],
21 silly audit   '@jridgewell/sourcemap-codec': [ '1.5.5' ],
21 silly audit   '@jridgewell/trace-mapping': [ '0.3.31' ],
21 silly audit   '@napi-rs/wasm-runtime': [ '0.2.12' ],
21 silly audit   '@next/env': [ '16.0.0' ],
21 silly audit   '@next/eslint-plugin-next': [ '16.0.0' ],
21 silly audit   '@next/swc-darwin-arm64': [ '16.0.0' ],
21 silly audit   '@next/swc-darwin-x64': [ '16.0.0' ],
21 silly audit   '@next/swc-linux-arm64-gnu': [ '16.0.0' ],
21 silly audit   '@next/swc-linux-arm64-musl': [ '16.0.0' ],
21 silly audit   '@next/swc-linux-x64-gnu': [ '16.0.0' ],
21 silly audit   '@next/swc-linux-x64-musl': [ '16.0.0' ],
21 silly audit   '@next/swc-win32-arm64-msvc': [ '16.0.0' ],
21 silly audit   '@next/swc-win32-x64-msvc': [ '16.0.0' ],
21 silly audit   '@nodelib/fs.scandir': [ '2.1.5' ],
21 silly audit   '@nodelib/fs.stat': [ '2.0.5' ],
21 silly audit   '@nodelib/fs.walk': [ '1.2.8' ],
21 silly audit   '@nolyfill/is-core-module': [ '1.0.39' ],
21 silly audit   '@pkgjs/parseargs': [ '0.11.0' ],
21 silly audit   '@pkgr/core': [ '0.2.9' ],
21 silly audit   '@rtsao/scc': [ '1.1.0' ],
21 silly audit   '@sinclair/typebox': [ '0.34.41' ],
21 silly audit   '@sinonjs/commons': [ '3.0.1' ],
21 silly audit   '@sinonjs/fake-timers': [ '13.0.5' ],
21 silly audit   '@supabase/auth-js': [ '2.76.1' ],
21 silly audit   '@supabase/functions-js': [ '2.76.1' ],
21 silly audit   '@supabase/node-fetch': [ '2.6.15' ],
21 silly audit   '@supabase/postgrest-js': [ '2.76.1' ],
21 silly audit   '@supabase/realtime-js': [ '2.76.1' ],
21 silly audit   '@supabase/ssr': [ '0.7.0' ],
21 silly audit   '@supabase/storage-js': [ '2.76.1' ],
21 silly audit   '@supabase/supabase-js': [ '2.76.1' ],
21 silly audit   '@swc/helpers': [ '0.5.15' ],
21 silly audit   '@tailwindcss/node': [ '4.1.16' ],
21 silly audit   '@tailwindcss/oxide': [ '4.1.16' ],
21 silly audit   '@tailwindcss/oxide-android-arm64': [ '4.1.16' ],
21 silly audit   '@tailwindcss/oxide-darwin-arm64': [ '4.1.16' ],
21 silly audit   '@tailwindcss/oxide-darwin-x64': [ '4.1.16' ],
21 silly audit   '@tailwindcss/oxide-freebsd-x64': [ '4.1.16' ],
21 silly audit   '@tailwindcss/oxide-linux-arm-gnueabihf': [ '4.1.16' ],
21 silly audit   '@tailwindcss/oxide-linux-arm64-gnu': [ '4.1.16' ],
21 silly audit   '@tailwindcss/oxide-linux-arm64-musl': [ '4.1.16' ],
21 silly audit   '@tailwindcss/oxide-linux-x64-gnu': [ '4.1.16' ],
21 silly audit   '@tailwindcss/oxide-linux-x64-musl': [ '4.1.16' ],
21 silly audit   '@tailwindcss/oxide-wasm32-wasi': [ '4.1.16' ],
21 silly audit   '@tailwindcss/oxide-win32-arm64-msvc': [ '4.1.16' ],
21 silly audit   '@tailwindcss/oxide-win32-x64-msvc': [ '4.1.16' ],
21 silly audit   '@tailwindcss/postcss': [ '4.1.16' ],
21 silly audit   '@testing-library/dom': [ '10.4.1' ],
21 silly audit   'ansi-regex': [ '5.0.1', '6.2.2' ],
21 silly audit   'ansi-styles': [ '5.2.0', '4.3.0', '6.2.3' ],
21 silly audit   'aria-query': [ '5.3.0', '5.3.2' ],
21 silly audit   'pretty-format': [ '27.5.1', '30.2.0' ],
21 silly audit   'react-is': [ '17.0.2', '18.3.1', '16.13.1' ],
21 silly audit   '@testing-library/jest-dom': [ '6.9.1' ],
21 silly audit   'dom-accessibility-api': [ '0.6.3', '0.5.16' ],
21 silly audit   '@testing-library/react': [ '16.3.0' ],
21 silly audit   '@testing-library/user-event': [ '14.6.1' ],
21 silly audit   '@tybys/wasm-util': [ '0.10.1' ],
21 silly audit   '@types/aria-query': [ '5.0.4' ],
21 silly audit   '@types/babel__core': [ '7.20.5' ],
21 silly audit   '@types/babel__generator': [ '7.27.0' ],
21 silly audit   '@types/babel__template': [ '7.4.4' ],
21 silly audit   '@types/babel__traverse': [ '7.28.0' ],
21 silly audit   '@types/estree': [ '1.0.8' ],
21 silly audit   '@types/istanbul-lib-coverage': [ '2.0.6' ],
21 silly audit   '@types/istanbul-lib-report': [ '3.0.3' ],
21 silly audit   '@types/istanbul-reports': [ '3.0.4' ],
21 silly audit   '@types/jest': [ '30.0.0' ],
21 silly audit   '@types/jsdom': [ '21.1.7' ],
21 silly audit   '@types/json-schema': [ '7.0.15' ],
21 silly audit   '@types/json5': [ '0.0.29' ],
21 silly audit   '@types/node': [ '20.19.23' ],
21 silly audit   '@types/phoenix': [ '1.6.6' ],
21 silly audit   '@types/react': [ '19.2.2' ],
21 silly audit   '@types/react-dom': [ '19.2.2' ],
21 silly audit   '@types/stack-utils': [ '2.0.3' ],
21 silly audit   '@types/tough-cookie': [ '4.0.5' ],
21 silly audit   '@types/ws': [ '8.18.1' ],
21 silly audit   '@types/yargs': [ '17.0.34' ],
21 silly audit   '@types/yargs-parser': [ '21.0.3' ],
21 silly audit   '@typescript-eslint/eslint-plugin': [ '8.46.2' ],
21 silly audit   ignore: [ '7.0.5', '5.3.2' ],
21 silly audit   '@typescript-eslint/parser': [ '8.46.2' ],
21 silly audit   '@typescript-eslint/project-service': [ '8.46.2' ],
21 silly audit   '@typescript-eslint/scope-manager': [ '8.46.2' ],
21 silly audit   '@typescript-eslint/tsconfig-utils': [ '8.46.2' ],
21 silly audit   '@typescript-eslint/type-utils': [ '8.46.2' ],
21 silly audit   '@typescript-eslint/types': [ '8.46.2' ],
21 silly audit   '@typescript-eslint/typescript-estree': [ '8.46.2' ],
21 silly audit   'brace-expansion': [ '2.0.2', '1.1.12' ],
21 silly audit   'fast-glob': [ '3.3.3', '3.3.1' ],
21 silly audit   'glob-parent': [ '5.1.2', '6.0.2' ],
21 silly audit   minimatch: [ '9.0.5', '3.1.2' ],
21 silly audit   semver: [ '7.7.3', '6.3.1' ],
21 silly audit   '@typescript-eslint/utils': [ '8.46.2' ],
21 silly audit   '@typescript-eslint/visitor-keys': [ '8.46.2' ],
21 silly audit   '@ungap/structured-clone': [ '1.3.0' ],
21 silly audit   '@unrs/resolver-binding-android-arm-eabi': [ '1.11.1' ],
21 silly audit   '@unrs/resolver-binding-android-arm64': [ '1.11.1' ],
21 silly audit   '@unrs/resolver-binding-darwin-arm64': [ '1.11.1' ],
21 silly audit   '@unrs/resolver-binding-darwin-x64': [ '1.11.1' ],
21 silly audit   '@unrs/resolver-binding-freebsd-x64': [ '1.11.1' ],
21 silly audit   '@unrs/resolver-binding-linux-arm-gnueabihf': [ '1.11.1' ],
21 silly audit   '@unrs/resolver-binding-linux-arm-musleabihf': [ '1.11.1' ],
21 silly audit   '@unrs/resolver-binding-linux-arm64-gnu': [ '1.11.1' ],
21 silly audit   '@unrs/resolver-binding-linux-arm64-musl': [ '1.11.1' ],
21 silly audit   '@unrs/resolver-binding-linux-ppc64-gnu': [ '1.11.1' ],
21 silly audit   '@unrs/resolver-binding-linux-riscv64-gnu': [ '1.11.1' ],
21 silly audit   '@unrs/resolver-binding-linux-riscv64-musl': [ '1.11.1' ],
21 silly audit   '@unrs/resolver-binding-linux-s390x-gnu': [ '1.11.1' ],
21 silly audit   '@unrs/resolver-binding-linux-x64-gnu': [ '1.11.1' ],
21 silly audit   '@unrs/resolver-binding-linux-x64-musl': [ '1.11.1' ],
21 silly audit   '@unrs/resolver-binding-wasm32-wasi': [ '1.11.1' ],
21 silly audit   '@unrs/resolver-binding-win32-arm64-msvc': [ '1.11.1' ],
21 silly audit   '@unrs/resolver-binding-win32-ia32-msvc': [ '1.11.1' ],
21 silly audit   '@unrs/resolver-binding-win32-x64-msvc': [ '1.11.1' ],
21 silly audit   acorn: [ '8.15.0' ],
21 silly audit   'acorn-jsx': [ '5.3.2' ],
21 silly audit   'agent-base': [ '7.1.4' ],
21 silly audit   ajv: [ '6.12.6' ],
21 silly audit   'ansi-escapes': [ '4.3.2' ],
21 silly audit   anymatch: [ '3.1.3' ],
21 silly audit   'array-buffer-byte-length': [ '1.0.2' ],
21 silly audit   'array-includes': [ '3.1.9' ],
21 silly audit   'array.prototype.findlast': [ '1.2.5' ],
21 silly audit   'array.prototype.findlastindex': [ '1.2.6' ],
21 silly audit   'array.prototype.flat': [ '1.3.3' ],
21 silly audit   'array.prototype.flatmap': [ '1.3.3' ],
21 silly audit   'array.prototype.tosorted': [ '1.1.4' ],
21 silly audit   'arraybuffer.prototype.slice': [ '1.0.4' ],
21 silly audit   'ast-types-flow': [ '0.0.8' ],
21 silly audit   'async-function': [ '1.0.0' ],
21 silly audit   'available-typed-arrays': [ '1.0.7' ],
21 silly audit   'axe-core': [ '4.11.0' ],
21 silly audit   'axobject-query': [ '4.1.0' ],
21 silly audit   'babel-jest': [ '30.2.0' ],
21 silly audit   'babel-plugin-istanbul': [ '7.0.1' ],
21 silly audit   'babel-plugin-jest-hoist': [ '30.2.0' ],
21 silly audit   'babel-preset-current-node-syntax': [ '1.2.0' ],
21 silly audit   'babel-preset-jest': [ '30.2.0' ],
21 silly audit   'balanced-match': [ '1.0.2' ],
21 silly audit   'baseline-browser-mapping': [ '2.8.19' ],
21 silly audit   braces: [ '3.0.3' ],
21 silly audit   browserslist: [ '4.27.0' ],
21 silly audit   'bs-logger': [ '0.2.6' ],
21 silly audit   bser: [ '2.1.1' ],
21 silly audit   'buffer-from': [ '1.1.2' ],
21 silly audit   'call-bind': [ '1.0.8' ],
21 silly audit   'call-bind-apply-helpers': [ '1.0.2' ],
21 silly audit   'call-bound': [ '1.0.4' ],
21 silly audit   callsites: [ '3.1.0' ],
21 silly audit   camelcase: [ '5.3.1', '6.3.0' ],
21 silly audit   'caniuse-lite': [ '1.0.30001751' ],
21 silly audit   chalk: [ '4.1.2' ],
21 silly audit   'char-regex': [ '1.0.2' ],
21 silly audit   'ci-info': [ '4.3.1' ],
21 silly audit   'cjs-module-lexer': [ '2.1.0' ],
21 silly audit   'client-only': [ '0.0.1' ],
21 silly audit   cliui: [ '8.0.1' ],
21 silly audit   'emoji-regex': [ '8.0.0', '9.2.2' ],
21 silly audit   'string-width': [ '4.2.3', '5.1.2' ],
21 silly audit   'strip-ansi': [ '6.0.1', '7.1.2' ],
21 silly audit   'wrap-ansi': [ '7.0.0', '8.1.0' ],
21 silly audit   co: [ '4.6.0' ],
21 silly audit   'collect-v8-coverage': [ '1.0.3' ],
21 silly audit   'color-convert': [ '2.0.1' ],
21 silly audit   'color-name': [ '1.1.4' ],
21 silly audit   'concat-map': [ '0.0.1' ],
21 silly audit   'convert-source-map': [ '2.0.0' ],
21 silly audit   cookie: [ '1.0.2' ],
21 silly audit   'cross-spawn': [ '7.0.6' ],
21 silly audit   'css.escape': [ '1.5.1' ],
21 silly audit   cssstyle: [ '4.6.0' ],
21 silly audit   csstype: [ '3.1.3' ],
21 silly audit   'damerau-levenshtein': [ '1.0.8' ],
21 silly audit   'data-urls': [ '5.0.0' ],
21 silly audit   tr46: [ '5.1.1', '0.0.3' ],
21 silly audit   'webidl-conversions': [ '7.0.0', '3.0.1' ],
21 silly audit   'whatwg-url': [ '14.2.0', '5.0.0' ],
21 silly audit   'data-view-buffer': [ '1.0.2' ],
21 silly audit   'data-view-byte-length': [ '1.0.2' ],
21 silly audit   'data-view-byte-offset': [ '1.0.1' ],
21 silly audit   debug: [ '4.4.3', '3.2.7' ],
21 silly audit   'decimal.js': [ '10.6.0' ],
21 silly audit   dedent: [ '1.7.0' ],
21 silly audit   'deep-is': [ '0.1.4' ],
21 silly audit   deepmerge: [ '4.3.1' ],
21 silly audit   'define-data-property': [ '1.1.4' ],
21 silly audit   'define-properties': [ '1.2.1' ],
21 silly audit   dequal: [ '2.0.3' ],
21 silly audit   'detect-libc': [ '2.1.2' ],
21 silly audit   'detect-newline': [ '3.1.0' ],
21 silly audit   doctrine: [ '2.1.0' ],
21 silly audit   dotenv: [ '17.2.3' ],
21 silly audit   'dunder-proto': [ '1.0.1' ],
21 silly audit   eastasianwidth: [ '0.2.0' ],
21 silly audit   'electron-to-chromium': [ '1.5.239' ],
21 silly audit   emittery: [ '0.13.1' ],
21 silly audit   'enhanced-resolve': [ '5.18.3' ],
21 silly audit   entities: [ '6.0.1' ],
21 silly audit   'error-ex': [ '1.3.4' ],
21 silly audit   'es-abstract': [ '1.24.0' ],
21 silly audit   'es-define-property': [ '1.0.1' ],
21 silly audit   'es-errors': [ '1.3.0' ],
21 silly audit   'es-iterator-helpers': [ '1.2.1' ],
21 silly audit   'es-object-atoms': [ '1.1.1' ],
21 silly audit   'es-set-tostringtag': [ '2.1.0' ],
21 silly audit   'es-shim-unscopables': [ '1.1.0' ],
21 silly audit   'es-to-primitive': [ '1.3.0' ],
21 silly audit   escalade: [ '3.2.0' ],
21 silly audit   'escape-string-regexp': [ '4.0.0', '2.0.0' ],
21 silly audit   eslint: [ '9.38.0' ],
21 silly audit   'eslint-config-next': [ '16.0.0' ],
21 silly audit   globals: [ '16.4.0', '14.0.0' ],
21 silly audit   'eslint-import-resolver-node': [ '0.3.9' ],
21 silly audit   'eslint-import-resolver-typescript': [ '3.10.1' ],
21 silly audit   'eslint-module-utils': [ '2.12.1' ],
21 silly audit   'eslint-plugin-import': [ '2.32.0' ],
21 silly audit   'eslint-plugin-jsx-a11y': [ '6.10.2' ],
21 silly audit   'eslint-plugin-react': [ '7.37.5' ],
21 silly audit   'eslint-plugin-react-hooks': [ '7.0.0' ],
21 silly audit   resolve: [ '2.0.0-next.5', '1.22.11' ],
21 silly audit   'eslint-scope': [ '8.4.0' ],
21 silly audit   espree: [ '10.4.0' ],
21 silly audit   esprima: [ '4.0.1' ],
21 silly audit   esquery: [ '1.6.0' ],
21 silly audit   esrecurse: [ '4.3.0' ],
21 silly audit   estraverse: [ '5.3.0' ],
21 silly audit   esutils: [ '2.0.3' ],
21 silly audit   execa: [ '5.1.1' ],
21 silly audit   'signal-exit': [ '3.0.7', '4.1.0' ],
21 silly audit   'exit-x': [ '0.2.2' ],
21 silly audit   expect: [ '30.2.0' ],
21 silly audit   'fast-deep-equal': [ '3.1.3' ],
21 silly audit   'fast-json-stable-stringify': [ '2.1.0' ],
21 silly audit   'fast-levenshtein': [ '2.0.6' ],
21 silly audit   fastq: [ '1.19.1' ],
21 silly audit   'fb-watchman': [ '2.0.2' ],
21 silly audit   'file-entry-cache': [ '8.0.0' ],
21 silly audit   'fill-range': [ '7.1.1' ],
21 silly audit   'flat-cache': [ '4.0.1' ],
21 silly audit   flatted: [ '3.3.3' ],
21 silly audit   'for-each': [ '0.3.5' ],
21 silly audit   'foreground-child': [ '3.3.1' ],
21 silly audit   'fs.realpath': [ '1.0.0' ],
21 silly audit   fsevents: [ '2.3.3' ],
21 silly audit   'function-bind': [ '1.1.2' ],
21 silly audit   'function.prototype.name': [ '1.1.8' ],
21 silly audit   'functions-have-names': [ '1.2.3' ],
21 silly audit   'generator-function': [ '2.0.1' ],
21 silly audit   gensync: [ '1.0.0-beta.2' ],
21 silly audit   'get-caller-file': [ '2.0.5' ],
21 silly audit   'get-intrinsic': [ '1.3.0' ],
21 silly audit   'get-package-type': [ '0.1.0' ],
21 silly audit   'get-proto': [ '1.0.1' ],
21 silly audit   'get-stream': [ '6.0.1' ],
21 silly audit   'get-symbol-description': [ '1.1.0' ],
21 silly audit   'get-tsconfig': [ '4.13.0' ],
21 silly audit   glob: [ '10.4.5', '7.2.3' ],
21 silly audit   globalthis: [ '1.0.4' ],
21 silly audit   gopd: [ '1.2.0' ],
21 silly audit   'graceful-fs': [ '4.2.11' ],
21 silly audit   graphemer: [ '1.4.0' ],
21 silly audit   handlebars: [ '4.7.8' ],
21 silly audit   'has-bigints': [ '1.1.0' ],
21 silly audit   'has-flag': [ '4.0.0' ],
21 silly audit   'has-property-descriptors': [ '1.0.2' ],
21 silly audit   'has-proto': [ '1.2.0' ],
21 silly audit   'has-symbols': [ '1.1.0' ],
21 silly audit   'has-tostringtag': [ '1.0.2' ],
21 silly audit   hasown: [ '2.0.2' ],
21 silly audit   'hermes-estree': [ '0.25.1' ],
21 silly audit   'hermes-parser': [ '0.25.1' ],
21 silly audit   'html-encoding-sniffer': [ '4.0.0' ],
21 silly audit   'html-escaper': [ '2.0.2' ],
21 silly audit   'http-proxy-agent': [ '7.0.2' ],
21 silly audit   'https-proxy-agent': [ '7.0.6' ],
21 silly audit   'human-signals': [ '2.1.0' ],
21 silly audit   'iconv-lite': [ '0.6.3' ],
21 silly audit   'import-fresh': [ '3.3.1' ],
21 silly audit   'import-local': [ '3.2.0' ],
21 silly audit   imurmurhash: [ '0.1.4' ],
21 silly audit   'indent-string': [ '4.0.0' ],
21 silly audit   inflight: [ '1.0.6' ],
21 silly audit   inherits: [ '2.0.4' ],
21 silly audit   'internal-slot': [ '1.1.0' ],
21 silly audit   'is-array-buffer': [ '3.0.5' ],
21 silly audit   'is-arrayish': [ '0.2.1' ],
21 silly audit   'is-async-function': [ '2.1.1' ],
21 silly audit   'is-bigint': [ '1.1.0' ],
21 silly audit   'is-boolean-object': [ '1.2.2' ],
21 silly audit   'is-bun-module': [ '2.0.0' ],
21 silly audit   'is-callable': [ '1.2.7' ],
21 silly audit   'is-core-module': [ '2.16.1' ],
21 silly audit   'is-data-view': [ '1.0.2' ],
21 silly audit   'is-date-object': [ '1.1.0' ],
21 silly audit   'is-extglob': [ '2.1.1' ],
21 silly audit   'is-finalizationregistry': [ '1.1.1' ],
21 silly audit   'is-fullwidth-code-point': [ '3.0.0' ],
21 silly audit   'is-generator-fn': [ '2.1.0' ],
21 silly audit   'is-generator-function': [ '1.1.2' ],
21 silly audit   'is-glob': [ '4.0.3' ],
21 silly audit   'is-map': [ '2.0.3' ],
21 silly audit   'is-negative-zero': [ '2.0.3' ],
21 silly audit   'is-number': [ '7.0.0' ],
21 silly audit   'is-number-object': [ '1.1.1' ],
21 silly audit   'is-potential-custom-element-name': [ '1.0.1' ],
21 silly audit   'is-regex': [ '1.2.1' ],
21 silly audit   'is-set': [ '2.0.3' ],
21 silly audit   'is-shared-array-buffer': [ '1.0.4' ],
21 silly audit   'is-stream': [ '2.0.1' ],
21 silly audit   'is-string': [ '1.1.1' ],
21 silly audit   'is-symbol': [ '1.1.1' ],
21 silly audit   'is-typed-array': [ '1.1.15' ],
21 silly audit   'is-weakmap': [ '2.0.2' ],
21 silly audit   'is-weakref': [ '1.1.1' ],
21 silly audit   'is-weakset': [ '2.0.4' ],
21 silly audit   isarray: [ '2.0.5' ],
21 silly audit   isexe: [ '2.0.0' ],
21 silly audit   'istanbul-lib-coverage': [ '3.2.2' ],
21 silly audit   'istanbul-lib-instrument': [ '6.0.3' ],
21 silly audit   'istanbul-lib-report': [ '3.0.1' ],
21 silly audit   'istanbul-lib-source-maps': [ '5.0.6' ],
21 silly audit   'istanbul-reports': [ '3.2.0' ],
21 silly audit   'iterator.prototype': [ '1.1.5' ],
21 silly audit   jackspeak: [ '3.4.3' ],
21 silly audit   jest: [ '30.2.0' ],
21 silly audit   'jest-changed-files': [ '30.2.0' ],
21 silly audit   'jest-circus': [ '30.2.0' ],
21 silly audit   'jest-cli': [ '30.2.0' ],
21 silly audit   'jest-diff': [ '30.2.0' ],
21 silly audit   'jest-docblock': [ '30.2.0' ],
21 silly audit   'jest-each': [ '30.2.0' ],
21 silly audit   'jest-environment-jsdom': [ '30.2.0' ],
21 silly audit   'jest-environment-node': [ '30.2.0' ],
21 silly audit   'jest-haste-map': [ '30.2.0' ],
21 silly audit   'jest-leak-detector': [ '30.2.0' ],
21 silly audit   'jest-matcher-utils': [ '30.2.0' ],
21 silly audit   'jest-message-util': [ '30.2.0' ],
21 silly audit   'jest-mock': [ '30.2.0' ],
21 silly audit   'jest-pnp-resolver': [ '1.2.3' ],
21 silly audit   'jest-regex-util': [ '30.0.1' ],
21 silly audit   'jest-resolve': [ '30.2.0' ],
21 silly audit   'jest-resolve-dependencies': [ '30.2.0' ],
21 silly audit   'jest-runner': [ '30.2.0' ],
21 silly audit   'jest-runtime': [ '30.2.0' ],
21 silly audit   'strip-bom': [ '4.0.0', '3.0.0' ],
21 silly audit   'jest-snapshot': [ '30.2.0' ],
21 silly audit   'jest-util': [ '30.2.0' ],
21 silly audit   picomatch: [ '4.0.3', '2.3.1' ],
21 silly audit   'jest-validate': [ '30.2.0' ],
21 silly audit   'jest-watcher': [ '30.2.0' ],
21 silly audit   'jest-worker': [ '30.2.0' ],
21 silly audit   'supports-color': [ '8.1.1', '7.2.0' ],
21 silly audit   jiti: [ '2.6.1' ],
21 silly audit   'js-tokens': [ '4.0.0' ],
21 silly audit   jsdom: [ '26.1.0' ],
21 silly audit   jsesc: [ '3.1.0' ],
21 silly audit   'json-buffer': [ '3.0.1' ],
21 silly audit   'json-parse-even-better-errors': [ '2.3.1' ],
21 silly audit   'json-schema-traverse': [ '0.4.1' ],
21 silly audit   'json-stable-stringify-without-jsonify': [ '1.0.1' ],
21 silly audit   json5: [ '2.2.3', '1.0.2' ],
21 silly audit   'jsx-ast-utils': [ '3.3.5' ],
21 silly audit   keyv: [ '4.5.4' ],
21 silly audit   'language-subtag-registry': [ '0.3.23' ],
21 silly audit   'language-tags': [ '1.0.9' ],
21 silly audit   leven: [ '3.1.0' ],
21 silly audit   levn: [ '0.4.1' ],
21 silly audit   lightningcss: [ '1.30.2' ],
21 silly audit   'lightningcss-android-arm64': [ '1.30.2' ],
21 silly audit   'lightningcss-darwin-arm64': [ '1.30.2' ],
21 silly audit   'lightningcss-darwin-x64': [ '1.30.2' ],
21 silly audit   'lightningcss-freebsd-x64': [ '1.30.2' ],
21 silly audit   'lightningcss-linux-arm-gnueabihf': [ '1.30.2' ],
21 silly audit   'lightningcss-linux-arm64-gnu': [ '1.30.2' ],
21 silly audit   'lightningcss-linux-arm64-musl': [ '1.30.2' ],
21 silly audit   'lightningcss-linux-x64-gnu': [ '1.30.2' ],
21 silly audit   'lightningcss-linux-x64-musl': [ '1.30.2' ],
21 silly audit   'lightningcss-win32-arm64-msvc': [ '1.30.2' ],
21 silly audit   'lightningcss-win32-x64-msvc': [ '1.30.2' ],
21 silly audit   'lines-and-columns': [ '1.2.4' ],
21 silly audit   'lodash.memoize': [ '4.1.2' ],
21 silly audit   'lodash.merge': [ '4.6.2' ],
21 silly audit   'loose-envify': [ '1.4.0' ],
21 silly audit   'lz-string': [ '1.5.0' ],
21 silly audit   'magic-string': [ '0.30.19' ],
21 silly audit   'make-dir': [ '4.0.0' ],
21 silly audit   'make-error': [ '1.3.6' ],
21 silly audit   makeerror: [ '1.0.12' ],
21 silly audit   'math-intrinsics': [ '1.1.0' ],
21 silly audit   'merge-stream': [ '2.0.0' ],
21 silly audit   merge2: [ '1.4.1' ],
21 silly audit   micromatch: [ '4.0.8' ],
21 silly audit   'mimic-fn': [ '2.1.0' ],
21 silly audit   'min-indent': [ '1.0.1' ],
21 silly audit   minimist: [ '1.2.8' ],
21 silly audit   minipass: [ '7.1.2' ],
21 silly audit   ms: [ '2.1.3' ],
21 silly audit   nanoid: [ '3.3.11' ],
21 silly audit   'napi-postinstall': [ '0.3.4' ],
21 silly audit   'natural-compare': [ '1.4.0' ],
21 silly audit   'neo-async': [ '2.6.2' ],
21 silly audit   next: [ '16.0.0' ],
21 silly audit   postcss: [ '8.4.31', '8.5.6' ],
21 silly audit   'node-int64': [ '0.4.0' ],
21 silly audit   'node-releases': [ '2.0.26' ],
21 silly audit   'normalize-path': [ '3.0.0' ],
21 silly audit   'npm-run-path': [ '4.0.1' ],
21 silly audit   nwsapi: [ '2.2.22' ],
21 silly audit   'object-assign': [ '4.1.1' ],
21 silly audit   'object-inspect': [ '1.13.4' ],
21 silly audit   'object-keys': [ '1.1.1' ],
21 silly audit   'object.assign': [ '4.1.7' ],
21 silly audit   'object.entries': [ '1.1.9' ],
21 silly audit   'object.fromentries': [ '2.0.8' ],
21 silly audit   'object.groupby': [ '1.0.3' ],
21 silly audit   'object.values': [ '1.2.1' ],
21 silly audit   once: [ '1.4.0' ],
21 silly audit   onetime: [ '5.1.2' ],
21 silly audit   optionator: [ '0.9.4' ],
21 silly audit   'own-keys': [ '1.0.1' ],
21 silly audit   'p-try': [ '2.2.0' ],
21 silly audit   'package-json-from-dist': [ '1.0.1' ],
21 silly audit   'parent-module': [ '1.0.1' ],
21 silly audit   'parse-json': [ '5.2.0' ],
21 silly audit   parse5: [ '7.3.0' ],
21 silly audit   'path-exists': [ '4.0.0' ],
21 silly audit   'path-is-absolute': [ '1.0.1' ],
21 silly audit   'path-key': [ '3.1.1' ],
21 silly audit   'path-parse': [ '1.0.7' ],
21 silly audit   'path-scurry': [ '1.11.1' ],
21 silly audit   picocolors: [ '1.1.1' ],
21 silly audit   pirates: [ '4.0.7' ],
21 silly audit   'pkg-dir': [ '4.2.0' ],
21 silly audit   'possible-typed-array-names': [ '1.1.0' ],
21 silly audit   'prelude-ls': [ '1.2.1' ],
21 silly audit   'prop-types': [ '15.8.1' ],
21 silly audit   punycode: [ '2.3.1' ],
21 silly audit   'pure-rand': [ '7.0.1' ],
21 silly audit   'queue-microtask': [ '1.2.3' ],
21 silly audit   react: [ '19.2.0' ],
21 silly audit   'react-dom': [ '19.2.0' ],
21 silly audit   redent: [ '3.0.0' ],
21 silly audit   'reflect.getprototypeof': [ '1.0.10' ],
21 silly audit   'regexp.prototype.flags': [ '1.5.4' ],
21 silly audit   'require-directory': [ '2.1.1' ],
21 silly audit   'resolve-cwd': [ '3.0.0' ],
21 silly audit   'resolve-pkg-maps': [ '1.0.0' ],
21 silly audit   reusify: [ '1.1.0' ],
21 silly audit   'rrweb-cssom': [ '0.8.0' ],
21 silly audit   'run-parallel': [ '1.2.0' ],
21 silly audit   'safe-array-concat': [ '1.1.3' ],
21 silly audit   'safe-push-apply': [ '1.0.0' ],
21 silly audit   'safe-regex-test': [ '1.1.0' ],
21 silly audit   'safer-buffer': [ '2.1.2' ],
21 silly audit   saxes: [ '6.0.0' ],
21 silly audit   scheduler: [ '0.27.0' ],
21 silly audit   'set-function-length': [ '1.2.2' ],
21 silly audit   'set-function-name': [ '2.0.2' ],
21 silly audit   'set-proto': [ '1.0.0' ],
21 silly audit   sharp: [ '0.34.4' ],
21 silly audit   'shebang-command': [ '2.0.0' ],
21 silly audit   'shebang-regex': [ '3.0.0' ],
21 silly audit   'side-channel': [ '1.1.0' ],
21 silly audit   'side-channel-list': [ '1.0.0' ],
21 silly audit   'side-channel-map': [ '1.0.1' ],
21 silly audit   'side-channel-weakmap': [ '1.0.2' ],
21 silly audit   slash: [ '3.0.0' ],
21 silly audit   'source-map': [ '0.6.1' ],
21 silly audit   'source-map-js': [ '1.2.1' ],
21 silly audit   'source-map-support': [ '0.5.13' ],
21 silly audit   'sprintf-js': [ '1.0.3' ],
21 silly audit   'stable-hash': [ '0.0.5' ],
21 silly audit   'stack-utils': [ '2.0.6' ],
21 silly audit   'stop-iteration-iterator': [ '1.1.0' ],
21 silly audit   'string-length': [ '4.0.2' ],
21 silly audit   'string.prototype.includes': [ '2.0.1' ],
21 silly audit   'string.prototype.matchall': [ '4.0.12' ],
21 silly audit   'string.prototype.repeat': [ '1.0.0' ],
21 silly audit   'string.prototype.trim': [ '1.2.10' ],
21 silly audit   'string.prototype.trimend': [ '1.0.9' ],
21 silly audit   'string.prototype.trimstart': [ '1.0.8' ],
21 silly audit   'strip-final-newline': [ '2.0.0' ],
21 silly audit   'strip-indent': [ '3.0.0' ],
21 silly audit   'strip-json-comments': [ '3.1.1' ],
21 silly audit   'styled-jsx': [ '5.1.6' ],
21 silly audit   'supports-preserve-symlinks-flag': [ '1.0.0' ],
21 silly audit   'symbol-tree': [ '3.2.4' ],
21 silly audit   synckit: [ '0.11.11' ],
21 silly audit   tailwindcss: [ '4.1.16' ],
21 silly audit   tapable: [ '2.3.0' ],
21 silly audit   'test-exclude': [ '6.0.0' ],
21 silly audit   tinyglobby: [ '0.2.15' ],
21 silly audit   fdir: [ '6.5.0' ],
21 silly audit   tldts: [ '6.1.86' ],
21 silly audit   'tldts-core': [ '6.1.86' ],
21 silly audit   tmpl: [ '1.0.5' ],
21 silly audit   'to-regex-range': [ '5.0.1' ],
21 silly audit   'tough-cookie': [ '5.1.2' ],
21 silly audit   'ts-api-utils': [ '2.1.0' ],
21 silly audit   'ts-jest': [ '29.4.5' ],
21 silly audit   'type-fest': [ '4.41.0', '0.21.3' ],
21 silly audit   'tsconfig-paths': [ '3.15.0' ],
21 silly audit   tslib: [ '2.8.1' ],
21 silly audit   'type-check': [ '0.4.0' ],
21 silly audit   'type-detect': [ '4.0.8' ],
21 silly audit   'typed-array-buffer': [ '1.0.3' ],
21 silly audit   'typed-array-byte-length': [ '1.0.3' ],
21 silly audit   'typed-array-byte-offset': [ '1.0.4' ],
21 silly audit   'typed-array-length': [ '1.0.7' ],
21 silly audit   typescript: [ '5.9.3' ],
21 silly audit   'typescript-eslint': [ '8.46.2' ],
21 silly audit   'uglify-js': [ '3.19.3' ],
21 silly audit   'unbox-primitive': [ '1.1.0' ],
21 silly audit   'undici-types': [ '6.21.0' ],
21 silly audit   'unrs-resolver': [ '1.11.1' ],
21 silly audit   'update-browserslist-db': [ '1.1.4' ],
21 silly audit   'uri-js': [ '4.4.1' ],
21 silly audit   'v8-to-istanbul': [ '9.3.0' ],
21 silly audit   'w3c-xmlserializer': [ '5.0.0' ],
21 silly audit   walker: [ '1.0.8' ],
21 silly audit   'whatwg-encoding': [ '3.1.1' ],
21 silly audit   'whatwg-mimetype': [ '4.0.0' ],
21 silly audit   which: [ '2.0.2' ],
21 silly audit   'which-boxed-primitive': [ '1.1.1' ],
21 silly audit   'which-builtin-type': [ '1.2.1' ],
21 silly audit   'which-collection': [ '1.0.2' ],
21 silly audit   'which-typed-array': [ '1.1.19' ],
21 silly audit   'word-wrap': [ '1.2.5' ],
21 silly audit   wordwrap: [ '1.0.0' ],
21 silly audit   wrappy: [ '1.0.2' ],
21 silly audit   'write-file-atomic': [ '5.0.1' ],
21 silly audit   ws: [ '8.18.3' ],
21 silly audit   'xml-name-validator': [ '5.0.0' ],
21 silly audit   xmlchars: [ '2.2.0' ],
21 silly audit   y18n: [ '5.0.8' ],
21 silly audit   yallist: [ '3.1.1' ],
21 silly audit   yargs: [ '17.7.2' ],
21 silly audit   'yargs-parser': [ '21.1.1' ],
21 silly audit   'yocto-queue': [ '0.1.0' ],
21 silly audit   zod: [ '4.1.12' ],
21 silly audit   'zod-validation-error': [ '4.0.2' ],
21 silly audit   'whatwg-fetch': [ '3.6.20' ]
21 silly audit }
22 http cache whatwg-fetch@https://registry.npmjs.org/whatwg-fetch/-/whatwg-fetch-3.6.20.tgz 0ms (cache hit)
23 silly tarball no local data for whatwg-fetch@https://registry.npmjs.org/whatwg-fetch/-/whatwg-fetch-3.6.20.tgz. Extracting by manifest.
24 http fetch GET 200 https://registry.npmjs.org/whatwg-fetch/-/whatwg-fetch-3.6.20.tgz 31ms (cache miss)
25 http fetch POST 200 https://registry.npmjs.org/-/npm/v1/security/advisories/bulk 304ms
26 silly audit report {}
27 silly ADD node_modules/whatwg-fetch
28 verbose cwd /Users/ephraimvc/Documents/Skola/Chas Academy/Skol projekter/journal_app
29 verbose os Darwin 25.0.0
30 verbose node v25.1.0
31 verbose npm  v11.6.2
32 verbose exit 0
33 info ok
